[2017-09-16 13:47:27.314] [INFO] post - url:/add/cultivate/record; params:undefined | {"errcode":0,"errmsg":"","data":{"fieldCount":0,"affectedRows":1,"insertId":7,"serverStatus":2,"warningCount":0,"message":"","protocol41":true,"changedRows":0}}
[2017-09-16 13:56:33.605] [INFO] post - url:/collect/job; params:undefined | {"errcode":0,"errmsg":"","data":{"fieldCount":0,"affectedRows":1,"insertId":52,"serverStatus":2,"warningCount":0,"message":"","protocol41":true,"changedRows":0}}
[2017-09-16 13:58:31.874] [INFO] post - url:/collect/job; params:undefined | {"errcode":0,"errmsg":"","data":{"fieldCount":0,"affectedRows":1,"insertId":53,"serverStatus":2,"warningCount":0,"message":"","protocol41":true,"changedRows":0}}
[2017-09-16 13:58:40.843] [INFO] post - url:/collect/job; params:undefined | {"errcode":0,"errmsg":"","data":{"fieldCount":0,"affectedRows":1,"insertId":54,"serverStatus":2,"warningCount":0,"message":"","protocol41":true,"changedRows":0}}
[2017-09-16 14:04:42.614] [INFO] post - url:/add/cultivate/record; params:undefined | {"errcode":0,"errmsg":"","data":{"fieldCount":0,"affectedRows":1,"insertId":8,"serverStatus":2,"warningCount":0,"message":"","protocol41":true,"changedRows":0}}
[2017-09-16 14:12:58.975] [INFO] post - url:/add/resume; params:undefined | {"errcode":0,"errmsg":"","data":{"fieldCount":0,"affectedRows":1,"insertId":4,"serverStatus":2,"warningCount":0,"message":"","protocol41":true,"changedRows":0}}
[2017-09-16 14:18:57.124] [INFO] post - url:/add/resume; params:undefined | {"errcode":0,"errmsg":"","data":{"fieldCount":0,"affectedRows":1,"insertId":5,"serverStatus":2,"warningCount":0,"message":"","protocol41":true,"changedRows":0}}
[2017-09-16 14:23:10.235] [INFO] post - url:/add/cultivate/record; params:undefined | {"errcode":0,"errmsg":"","data":{"fieldCount":0,"affectedRows":1,"insertId":9,"serverStatus":2,"warningCount":0,"message":"","protocol41":true,"changedRows":0}}
[2017-09-16 14:23:40.845] [INFO] post - url:/add/resume/record; params:undefined | {"errcode":0,"errmsg":"","data":{"fieldCount":0,"affectedRows":1,"insertId":18,"serverStatus":2,"warningCount":0,"message":"","protocol41":true,"changedRows":0}}
[2017-09-16 14:24:06.764] [INFO] post - url:/collect/job; params:undefined | {"errcode":0,"errmsg":"","data":{"fieldCount":0,"affectedRows":1,"insertId":55,"serverStatus":2,"warningCount":0,"message":"","protocol41":true,"changedRows":0}}
[2017-09-16 14:24:40.357] [INFO] post - url:/add/resume/record; params:undefined | {"errcode":0,"errmsg":"","data":{"fieldCount":0,"affectedRows":1,"insertId":19,"serverStatus":2,"warningCount":0,"message":"","protocol41":true,"changedRows":0}}
[2017-09-16 14:32:03.355] [INFO] post - url:/job/add; params:undefined | {"errcode":0,"errmsg":"","data":{"fieldCount":0,"affectedRows":1,"insertId":7,"serverStatus":2,"warningCount":0,"message":"","protocol41":true,"changedRows":0}}
[2017-09-16 14:34:58.765] [INFO] post - url:/job/add; params:undefined | {"errcode":0,"errmsg":"","data":{"fieldCount":0,"affectedRows":1,"insertId":8,"serverStatus":2,"warningCount":0,"message":"","protocol41":true,"changedRows":0}}
[2017-09-16 14:54:46.366] [INFO] post - url:/collect/job; params:undefined | {"errcode":0,"errmsg":"","data":{"fieldCount":0,"affectedRows":1,"insertId":56,"serverStatus":2,"warningCount":0,"message":"","protocol41":true,"changedRows":0}}
[2017-09-16 14:55:02.264] [INFO] post - url:/collect/job; params:undefined | {"errcode":0,"errmsg":"","data":{"fieldCount":0,"affectedRows":1,"insertId":57,"serverStatus":2,"warningCount":0,"message":"","protocol41":true,"changedRows":0}}
[2017-09-16 14:58:21.907] [INFO] post - url:/collect/job; params:undefined | {"errcode":0,"errmsg":"","data":{"fieldCount":0,"affectedRows":1,"insertId":58,"serverStatus":2,"warningCount":0,"message":"","protocol41":true,"changedRows":0}}
[2017-09-16 16:03:34.643] [INFO] post - url:/add/cultivate/record; params:undefined | {"errcode":0,"errmsg":"","data":{"fieldCount":0,"affectedRows":1,"insertId":10,"serverStatus":2,"warningCount":0,"message":"","protocol41":true,"changedRows":0}}
[2017-09-16 16:05:12.168] [INFO] post - url:/add/cultivate/record; params:undefined | {"errcode":0,"errmsg":"","data":{"fieldCount":0,"affectedRows":1,"insertId":11,"serverStatus":2,"warningCount":0,"message":"","protocol41":true,"changedRows":0}}
[2017-09-16 16:10:44.996] [INFO] post - url:/collect/job; params:undefined | {"errcode":0,"errmsg":"","data":{"fieldCount":0,"affectedRows":1,"insertId":59,"serverStatus":2,"warningCount":0,"message":"","protocol41":true,"changedRows":0}}
[2017-09-16 16:17:36.410] [INFO] post - url:/collect/job; params:undefined | {"errcode":0,"errmsg":"","data":{"fieldCount":0,"affectedRows":1,"insertId":60,"serverStatus":2,"warningCount":0,"message":"","protocol41":true,"changedRows":0}}
[2017-09-16 16:25:13.053] [INFO] post - url:/add/resume; params:undefined | {"errcode":0,"errmsg":"","data":{"fieldCount":0,"affectedRows":1,"insertId":6,"serverStatus":2,"warningCount":0,"message":"","protocol41":true,"changedRows":0}}
[2017-09-16 16:41:56.335] [INFO] post - url:/add/resume; params:undefined | {"errcode":0,"errmsg":"","data":{"fieldCount":0,"affectedRows":1,"insertId":7,"serverStatus":2,"warningCount":0,"message":"","protocol41":true,"changedRows":0}}
[2017-09-16 17:08:44.337] [INFO] post - url:/job/add; params:undefined | {"errcode":0,"errmsg":"","data":{"fieldCount":0,"affectedRows":1,"insertId":9,"serverStatus":2,"warningCount":0,"message":"","protocol41":true,"changedRows":0}}
[2017-09-16 17:10:13.564] [INFO] post - url:/collect/job; params:undefined | {"errcode":0,"errmsg":"","data":{"fieldCount":0,"affectedRows":1,"insertId":61,"serverStatus":2,"warningCount":0,"message":"","protocol41":true,"changedRows":0}}
[2017-09-16 17:11:53.175] [INFO] post - url:/add/cultivate/record; params:undefined | {"errcode":0,"errmsg":"","data":{"fieldCount":0,"affectedRows":1,"insertId":12,"serverStatus":2,"warningCount":0,"message":"","protocol41":true,"changedRows":0}}
[2017-09-16 17:12:11.276] [INFO] post - url:/add/cultivate/record; params:undefined | {"errcode":0,"errmsg":"","data":{"fieldCount":0,"affectedRows":1,"insertId":13,"serverStatus":2,"warningCount":0,"message":"","protocol41":true,"changedRows":0}}
[2017-09-16 19:27:31.277] [INFO] post - url:/add/cultivate/record; params:undefined | {"errcode":0,"errmsg":"","data":{"fieldCount":0,"affectedRows":1,"insertId":14,"serverStatus":2,"warningCount":0,"message":"","protocol41":true,"changedRows":0}}
